<?xml version="1.0" encoding="UTF-8"?>
<testng-results ignored="0" total="1" passed="1" failed="0" skipped="0">
  <reporter-output>
  </reporter-output>
  <suite started-at="2024-09-10T13:34:02 CEST" name="Surefire suite" finished-at="2024-09-10T13:34:02 CEST" duration-ms="22">
    <groups>
    </groups>
    <test started-at="2024-09-10T13:34:02 CEST" name="Surefire test" finished-at="2024-09-10T13:34:02 CEST" duration-ms="22">
      <class name="com.computerProject.FirstTest">
        <test-method signature="myFirstTest()[pri:0, instance:com.computerProject.FirstTest@6ab7a896]" started-at="2024-09-10T13:34:02 CEST" name="myFirstTest" finished-at="2024-09-10T13:34:02 CEST" duration-ms="3" status="PASS">
          <reporter-output>
          </reporter-output>
        </test-method> <!-- myFirstTest -->
      </class> <!-- com.computerProject.FirstTest -->
    </test> <!-- Surefire test -->
  </suite> <!-- Surefire suite -->
</testng-results>
